Build started 24/04/2017 13:19:57.
     1>Project "C:\Users\3D-PROGR-PC-CL3VER\Documents\LearningOpenGL-GIT\OpenGL-Testing-Grounds\Project35_Exercise16\Project35_Exercise16.vcxproj" on node 2 (Build target(s)).
     1>ClCompile:
         C:\Program Files (x86)\Microsoft Visual Studio 12.0\VC\bin\CL.exe /c /ZI /nologo /W3 /WX- /sdl /Od /Oy- /D _MBCS /Gm /EHsc /RTC1 /MDd /GS /fp:precise /Zc:wchar_t /Zc:forScope /Fo"Debug\\" /Fd"Debug\vc120.pdb" /Gd /TP /analyze- /errorReport:prompt main.cpp
         main.cpp
     1>c:\users\3d-progr-pc-cl3ver\documents\learningopengl-git\opengl-testing-grounds\project35_exercise16\main.cpp(193): warning C4244: 'initializing' : conversion from 'double' to 'GLfloat', possible loss of data
     1>c:\users\3d-progr-pc-cl3ver\documents\learningopengl-git\opengl-testing-grounds\project35_exercise16\main.cpp(316): warning C4244: '=' : conversion from 'double' to 'GLfloat', possible loss of data
     1>c:\users\3d-progr-pc-cl3ver\documents\learningopengl-git\opengl-testing-grounds\project35_exercise16\main.cpp(317): warning C4244: '=' : conversion from 'double' to 'GLfloat', possible loss of data
     1>c:\users\3d-progr-pc-cl3ver\documents\learningopengl-git\opengl-testing-grounds\project35_exercise16\main.cpp(321): warning C4244: 'initializing' : conversion from 'double' to 'GLfloat', possible loss of data
     1>c:\users\3d-progr-pc-cl3ver\documents\learningopengl-git\opengl-testing-grounds\project35_exercise16\main.cpp(322): warning C4244: 'initializing' : conversion from 'double' to 'GLfloat', possible loss of data
     1>c:\users\3d-progr-pc-cl3ver\documents\learningopengl-git\opengl-testing-grounds\project35_exercise16\main.cpp(324): warning C4244: '=' : conversion from 'double' to 'GLfloat', possible loss of data
     1>c:\users\3d-progr-pc-cl3ver\documents\learningopengl-git\opengl-testing-grounds\project35_exercise16\main.cpp(325): warning C4244: '=' : conversion from 'double' to 'GLfloat', possible loss of data
     1>c:\users\3d-progr-pc-cl3ver\documents\learningopengl-git\opengl-testing-grounds\project35_exercise16\main.cpp(332): warning C4244: 'argument' : conversion from 'double' to 'GLfloat', possible loss of data
       Link:
         C:\Program Files (x86)\Microsoft Visual Studio 12.0\VC\bin\link.exe /ERRORREPORT:PROMPT /OUT:"C:\Users\3D-PROGR-PC-CL3VER\Documents\LearningOpenGL-GIT\OpenGL-Testing-Grounds\Project35_Exercise16\Debug\Project35_Exercise16.exe" /INCREMENTAL /NOLOGO opengl32.lib glfw3.lib glew32s.lib SOIL.lib kernel32.lib user32.lib gdi32.lib winspool.lib comdlg32.lib advapi32.lib shell32.lib ole32.lib oleaut32.lib uuid.lib odbc32.lib odbccp32.lib /MANIFEST /MANIFESTUAC:"level='asInvoker' uiAccess='false'" /manifest:embed /DEBUG /PDB:"C:\Users\3D-PROGR-PC-CL3VER\Documents\LearningOpenGL-GIT\OpenGL-Testing-Grounds\Project35_Exercise16\Debug\Project35_Exercise16.pdb" /TLBID:1 /DYNAMICBASE /NXCOMPAT /IMPLIB:"C:\Users\3D-PROGR-PC-CL3VER\Documents\LearningOpenGL-GIT\OpenGL-Testing-Grounds\Project35_Exercise16\Debug\Project35_Exercise16.lib" /MACHINE:X86 Debug\Camera.obj
         Debug\CameraFirstPerson.obj
         Debug\main.obj
         Debug\Shader.obj
         SOIL.lib(SOIL.obj) : MSIL .netmodule or module compiled with /GL found; restarting link with /LTCG; add /LTCG to the link command line to improve linker performance
     1>LINK : warning LNK4075: ignoring '/INCREMENTAL' due to '/LTCG' specification
     1>Camera.obj : warning LNK4075: ignoring '/EDITANDCONTINUE' due to '/OPT:LBR' specification
     1>LINK : warning LNK4098: defaultlib 'LIBCMT' conflicts with use of other libs; use /NODEFAULTLIB:library
     1>LINK : warning LNK4098: defaultlib 'MSVCRT' conflicts with use of other libs; use /NODEFAULTLIB:library
         Generating code
         Finished generating code
     1>Shader.obj : warning LNK4049: locally defined symbol ___glewAttachShader imported
     1>Shader.obj : warning LNK4049: locally defined symbol ___glewCompileShader imported
     1>Shader.obj : warning LNK4049: locally defined symbol ___glewCreateProgram imported
     1>Shader.obj : warning LNK4049: locally defined symbol ___glewCreateShader imported
     1>Shader.obj : warning LNK4049: locally defined symbol ___glewDeleteShader imported
     1>Shader.obj : warning LNK4049: locally defined symbol ___glewGetProgramInfoLog imported
     1>Shader.obj : warning LNK4049: locally defined symbol ___glewGetProgramiv imported
     1>Shader.obj : warning LNK4049: locally defined symbol ___glewGetShaderInfoLog imported
     1>Shader.obj : warning LNK4049: locally defined symbol ___glewGetShaderiv imported
     1>Shader.obj : warning LNK4049: locally defined symbol ___glewLinkProgram imported
     1>Shader.obj : warning LNK4049: locally defined symbol ___glewShaderSource imported
     1>Shader.obj : warning LNK4049: locally defined symbol ___glewUseProgram imported
     1>glew32s.lib(glew.obj) : warning LNK4204: 'C:\Users\3D-PROGR-PC-CL3VER\Documents\LearningOpenGL-GIT\OpenGL-Testing-Grounds\Project35_Exercise16\Debug\vc120.pdb' is missing debugging information for referencing module; linking object as if no debug info
         Project35_Exercise16.vcxproj -> C:\Users\3D-PROGR-PC-CL3VER\Documents\LearningOpenGL-GIT\OpenGL-Testing-Grounds\Project35_Exercise16\Debug\Project35_Exercise16.exe
     1>Done Building Project "C:\Users\3D-PROGR-PC-CL3VER\Documents\LearningOpenGL-GIT\OpenGL-Testing-Grounds\Project35_Exercise16\Project35_Exercise16.vcxproj" (Build target(s)).

Build succeeded.

Time Elapsed 00:00:01.62
