Build started 02/04/2017 15:02:50.
     1>Project "C:\Users\gus7_\Proyectos\LearningOpenGL\OpenGL-Testing-Grounds\Project6_Exercise3\Project6_Exercise3.vcxproj" on node 2 (Build target(s)).
     1>ClCompile:
         C:\Program Files (x86)\Microsoft Visual Studio 12.0\VC\bin\CL.exe /c /ZI /nologo /W3 /WX- /sdl /Od /Oy- /D _MBCS /Gm /EHsc /RTC1 /MDd /GS /fp:precise /Zc:wchar_t /Zc:forScope /Fo"Debug\\" /Fd"Debug\vc120.pdb" /Gd /TP /analyze- /errorReport:prompt main.cpp
         main.cpp
     1>c:\users\gus7_\proyectos\learningopengl\opengl-testing-grounds\project6_exercise3\main.cpp(137): warning C4101: 'successT2' : unreferenced local variable
     1>c:\users\gus7_\proyectos\learningopengl\opengl-testing-grounds\project6_exercise3\main.cpp(138): warning C4101: 'infoLogT2' : unreferenced local variable
     1>cl : Command line warning D9028: minimal rebuild failure, reverting to normal build
       Link:
         C:\Program Files (x86)\Microsoft Visual Studio 12.0\VC\bin\link.exe /ERRORREPORT:PROMPT /OUT:"C:\Users\gus7_\Proyectos\LearningOpenGL\OpenGL-Testing-Grounds\Project6_Exercise3\Debug\Project6_Exercise3.exe" /INCREMENTAL /NOLOGO opengl32.lib glfw3.lib glew32s.lib kernel32.lib user32.lib gdi32.lib winspool.lib comdlg32.lib advapi32.lib shell32.lib ole32.lib oleaut32.lib uuid.lib odbc32.lib odbccp32.lib /MANIFEST /MANIFESTUAC:"level='asInvoker' uiAccess='false'" /manifest:embed /DEBUG /PDB:"C:\Users\gus7_\Proyectos\LearningOpenGL\OpenGL-Testing-Grounds\Project6_Exercise3\Debug\Project6_Exercise3.pdb" /TLBID:1 /DYNAMICBASE /NXCOMPAT /IMPLIB:"C:\Users\gus7_\Proyectos\LearningOpenGL\OpenGL-Testing-Grounds\Project6_Exercise3\Debug\Project6_Exercise3.lib" /MACHINE:X86 Debug\main.obj
     1>LINK : warning LNK4098: defaultlib 'LIBCMT' conflicts with use of other libs; use /NODEFAULTLIB:library
     1>glfw3.lib(context.obj) : warning LNK4204: 'C:\Users\gus7_\Proyectos\LearningOpenGL\OpenGL-Testing-Grounds\Project6_Exercise3\Debug\vc120.pdb' is missing debugging information for referencing module; linking object as if no debug info
     1>glfw3.lib(init.obj) : warning LNK4204: 'C:\Users\gus7_\Proyectos\LearningOpenGL\OpenGL-Testing-Grounds\Project6_Exercise3\Debug\vc120.pdb' is missing debugging information for referencing module; linking object as if no debug info
     1>glfw3.lib(input.obj) : warning LNK4204: 'C:\Users\gus7_\Proyectos\LearningOpenGL\OpenGL-Testing-Grounds\Project6_Exercise3\Debug\vc120.pdb' is missing debugging information for referencing module; linking object as if no debug info
     1>glfw3.lib(monitor.obj) : warning LNK4204: 'C:\Users\gus7_\Proyectos\LearningOpenGL\OpenGL-Testing-Grounds\Project6_Exercise3\Debug\vc120.pdb' is missing debugging information for referencing module; linking object as if no debug info
     1>glfw3.lib(vulkan.obj) : warning LNK4204: 'C:\Users\gus7_\Proyectos\LearningOpenGL\OpenGL-Testing-Grounds\Project6_Exercise3\Debug\vc120.pdb' is missing debugging information for referencing module; linking object as if no debug info
     1>glfw3.lib(window.obj) : warning LNK4204: 'C:\Users\gus7_\Proyectos\LearningOpenGL\OpenGL-Testing-Grounds\Project6_Exercise3\Debug\vc120.pdb' is missing debugging information for referencing module; linking object as if no debug info
     1>glfw3.lib(win32_init.obj) : warning LNK4204: 'C:\Users\gus7_\Proyectos\LearningOpenGL\OpenGL-Testing-Grounds\Project6_Exercise3\Debug\vc120.pdb' is missing debugging information for referencing module; linking object as if no debug info
     1>glfw3.lib(win32_joystick.obj) : warning LNK4204: 'C:\Users\gus7_\Proyectos\LearningOpenGL\OpenGL-Testing-Grounds\Project6_Exercise3\Debug\vc120.pdb' is missing debugging information for referencing module; linking object as if no debug info
     1>glfw3.lib(win32_monitor.obj) : warning LNK4204: 'C:\Users\gus7_\Proyectos\LearningOpenGL\OpenGL-Testing-Grounds\Project6_Exercise3\Debug\vc120.pdb' is missing debugging information for referencing module; linking object as if no debug info
     1>glfw3.lib(win32_time.obj) : warning LNK4204: 'C:\Users\gus7_\Proyectos\LearningOpenGL\OpenGL-Testing-Grounds\Project6_Exercise3\Debug\vc120.pdb' is missing debugging information for referencing module; linking object as if no debug info
     1>glfw3.lib(win32_tls.obj) : warning LNK4204: 'C:\Users\gus7_\Proyectos\LearningOpenGL\OpenGL-Testing-Grounds\Project6_Exercise3\Debug\vc120.pdb' is missing debugging information for referencing module; linking object as if no debug info
     1>glfw3.lib(win32_window.obj) : warning LNK4204: 'C:\Users\gus7_\Proyectos\LearningOpenGL\OpenGL-Testing-Grounds\Project6_Exercise3\Debug\vc120.pdb' is missing debugging information for referencing module; linking object as if no debug info
     1>glfw3.lib(wgl_context.obj) : warning LNK4204: 'C:\Users\gus7_\Proyectos\LearningOpenGL\OpenGL-Testing-Grounds\Project6_Exercise3\Debug\vc120.pdb' is missing debugging information for referencing module; linking object as if no debug info
     1>glfw3.lib(egl_context.obj) : warning LNK4204: 'C:\Users\gus7_\Proyectos\LearningOpenGL\OpenGL-Testing-Grounds\Project6_Exercise3\Debug\vc120.pdb' is missing debugging information for referencing module; linking object as if no debug info
     1>glew32s.lib(glew.obj) : warning LNK4204: 'C:\Users\gus7_\Proyectos\LearningOpenGL\OpenGL-Testing-Grounds\Project6_Exercise3\Debug\vc120.pdb' is missing debugging information for referencing module; linking object as if no debug info
         Project6_Exercise3.vcxproj -> C:\Users\gus7_\Proyectos\LearningOpenGL\OpenGL-Testing-Grounds\Project6_Exercise3\Debug\Project6_Exercise3.exe
     1>Done Building Project "C:\Users\gus7_\Proyectos\LearningOpenGL\OpenGL-Testing-Grounds\Project6_Exercise3\Project6_Exercise3.vcxproj" (Build target(s)).

Build succeeded.

Time Elapsed 00:00:01.93
