Build started 18/04/2017 14:03:01.
     1>Project "C:\Users\3D-PROGR-PC-CL3VER\Documents\LearningOpenGL-GIT\OpenGL-Testing-Grounds\Project38_BasicLighting\Project38_BasicLighting.vcxproj" on node 2 (Build target(s)).
     1>ClCompile:
         C:\Program Files (x86)\Microsoft Visual Studio 12.0\VC\bin\CL.exe /c /ZI /nologo /W3 /WX- /sdl /Od /Oy- /D _MBCS /Gm /EHsc /RTC1 /MDd /GS /fp:precise /Zc:wchar_t /Zc:forScope /Fo"Debug\\" /Fd"Debug\vc120.pdb" /Gd /TP /analyze- /errorReport:prompt main.cpp
         main.cpp
     1>c:\users\3d-progr-pc-cl3ver\documents\learningopengl-git\opengl-testing-grounds\project38_basiclighting\main.cpp(162): warning C4244: 'initializing' : conversion from 'double' to 'GLfloat', possible loss of data
     1>c:\users\3d-progr-pc-cl3ver\documents\learningopengl-git\opengl-testing-grounds\project38_basiclighting\main.cpp(272): warning C4244: '=' : conversion from 'double' to 'GLfloat', possible loss of data
     1>c:\users\3d-progr-pc-cl3ver\documents\learningopengl-git\opengl-testing-grounds\project38_basiclighting\main.cpp(273): warning C4244: '=' : conversion from 'double' to 'GLfloat', possible loss of data
     1>c:\users\3d-progr-pc-cl3ver\documents\learningopengl-git\opengl-testing-grounds\project38_basiclighting\main.cpp(277): warning C4244: 'initializing' : conversion from 'double' to 'GLfloat', possible loss of data
     1>c:\users\3d-progr-pc-cl3ver\documents\learningopengl-git\opengl-testing-grounds\project38_basiclighting\main.cpp(278): warning C4244: 'initializing' : conversion from 'double' to 'GLfloat', possible loss of data
     1>c:\users\3d-progr-pc-cl3ver\documents\learningopengl-git\opengl-testing-grounds\project38_basiclighting\main.cpp(280): warning C4244: '=' : conversion from 'double' to 'GLfloat', possible loss of data
     1>c:\users\3d-progr-pc-cl3ver\documents\learningopengl-git\opengl-testing-grounds\project38_basiclighting\main.cpp(281): warning C4244: '=' : conversion from 'double' to 'GLfloat', possible loss of data
     1>c:\users\3d-progr-pc-cl3ver\documents\learningopengl-git\opengl-testing-grounds\project38_basiclighting\main.cpp(288): warning C4244: 'argument' : conversion from 'double' to 'GLfloat', possible loss of data
       Link:
         C:\Program Files (x86)\Microsoft Visual Studio 12.0\VC\bin\link.exe /ERRORREPORT:PROMPT /OUT:"C:\Users\3D-PROGR-PC-CL3VER\Documents\LearningOpenGL-GIT\OpenGL-Testing-Grounds\Project38_BasicLighting\Debug\Project38_BasicLighting.exe" /INCREMENTAL /NOLOGO opengl32.lib glfw3.lib glew32s.lib SOIL.lib kernel32.lib user32.lib gdi32.lib winspool.lib comdlg32.lib advapi32.lib shell32.lib ole32.lib oleaut32.lib uuid.lib odbc32.lib odbccp32.lib /MANIFEST /MANIFESTUAC:"level='asInvoker' uiAccess='false'" /manifest:embed /DEBUG /PDB:"C:\Users\3D-PROGR-PC-CL3VER\Documents\LearningOpenGL-GIT\OpenGL-Testing-Grounds\Project38_BasicLighting\Debug\Project38_BasicLighting.pdb" /TLBID:1 /DYNAMICBASE /NXCOMPAT /IMPLIB:"C:\Users\3D-PROGR-PC-CL3VER\Documents\LearningOpenGL-GIT\OpenGL-Testing-Grounds\Project38_BasicLighting\Debug\Project38_BasicLighting.lib" /MACHINE:X86 Debug\Camera.obj
         Debug\main.obj
         Debug\Shader.obj
         Project38_BasicLighting.vcxproj -> C:\Users\3D-PROGR-PC-CL3VER\Documents\LearningOpenGL-GIT\OpenGL-Testing-Grounds\Project38_BasicLighting\Debug\Project38_BasicLighting.exe
     1>Done Building Project "C:\Users\3D-PROGR-PC-CL3VER\Documents\LearningOpenGL-GIT\OpenGL-Testing-Grounds\Project38_BasicLighting\Project38_BasicLighting.vcxproj" (Build target(s)).

Build succeeded.

Time Elapsed 00:00:01.00
