Build started 18/04/2017 13:23:27.
     1>Project "C:\Users\3D-PROGR-PC-CL3VER\Documents\LearningOpenGL-GIT\OpenGL-Testing-Grounds\Project37_SuperBasicLightingTemplate\Project37_SuperBasicLightingTemplate.vcxproj" on node 2 (Build target(s)).
     1>ClCompile:
         C:\Program Files (x86)\Microsoft Visual Studio 12.0\VC\bin\CL.exe /c /ZI /nologo /W3 /WX- /sdl /Od /Oy- /D _MBCS /Gm /EHsc /RTC1 /MDd /GS /fp:precise /Zc:wchar_t /Zc:forScope /Fo"Debug\\" /Fd"Debug\vc120.pdb" /Gd /TP /analyze- /errorReport:prompt main.cpp
         main.cpp
     1>c:\users\3d-progr-pc-cl3ver\documents\learningopengl-git\opengl-testing-grounds\project37_superbasiclightingtemplate\main.cpp(162): warning C4244: 'initializing' : conversion from 'double' to 'GLfloat', possible loss of data
     1>c:\users\3d-progr-pc-cl3ver\documents\learningopengl-git\opengl-testing-grounds\project37_superbasiclightingtemplate\main.cpp(270): warning C4244: '=' : conversion from 'double' to 'GLfloat', possible loss of data
     1>c:\users\3d-progr-pc-cl3ver\documents\learningopengl-git\opengl-testing-grounds\project37_superbasiclightingtemplate\main.cpp(271): warning C4244: '=' : conversion from 'double' to 'GLfloat', possible loss of data
     1>c:\users\3d-progr-pc-cl3ver\documents\learningopengl-git\opengl-testing-grounds\project37_superbasiclightingtemplate\main.cpp(275): warning C4244: 'initializing' : conversion from 'double' to 'GLfloat', possible loss of data
     1>c:\users\3d-progr-pc-cl3ver\documents\learningopengl-git\opengl-testing-grounds\project37_superbasiclightingtemplate\main.cpp(276): warning C4244: 'initializing' : conversion from 'double' to 'GLfloat', possible loss of data
     1>c:\users\3d-progr-pc-cl3ver\documents\learningopengl-git\opengl-testing-grounds\project37_superbasiclightingtemplate\main.cpp(278): warning C4244: '=' : conversion from 'double' to 'GLfloat', possible loss of data
     1>c:\users\3d-progr-pc-cl3ver\documents\learningopengl-git\opengl-testing-grounds\project37_superbasiclightingtemplate\main.cpp(279): warning C4244: '=' : conversion from 'double' to 'GLfloat', possible loss of data
     1>c:\users\3d-progr-pc-cl3ver\documents\learningopengl-git\opengl-testing-grounds\project37_superbasiclightingtemplate\main.cpp(286): warning C4244: 'argument' : conversion from 'double' to 'GLfloat', possible loss of data
       Link:
         C:\Program Files (x86)\Microsoft Visual Studio 12.0\VC\bin\link.exe /ERRORREPORT:PROMPT /OUT:"C:\Users\3D-PROGR-PC-CL3VER\Documents\LearningOpenGL-GIT\OpenGL-Testing-Grounds\Project37_SuperBasicLightingTemplate\Debug\Project37_SuperBasicLightingTemplate.exe" /INCREMENTAL /NOLOGO opengl32.lib glfw3.lib glew32s.lib SOIL.lib kernel32.lib user32.lib gdi32.lib winspool.lib comdlg32.lib advapi32.lib shell32.lib ole32.lib oleaut32.lib uuid.lib odbc32.lib odbccp32.lib /MANIFEST /MANIFESTUAC:"level='asInvoker' uiAccess='false'" /manifest:embed /DEBUG /PDB:"C:\Users\3D-PROGR-PC-CL3VER\Documents\LearningOpenGL-GIT\OpenGL-Testing-Grounds\Project37_SuperBasicLightingTemplate\Debug\Project37_SuperBasicLightingTemplate.pdb" /TLBID:1 /DYNAMICBASE /NXCOMPAT /IMPLIB:"C:\Users\3D-PROGR-PC-CL3VER\Documents\LearningOpenGL-GIT\OpenGL-Testing-Grounds\Project37_SuperBasicLightingTemplate\Debug\Project37_SuperBasicLightingTemplate.lib" /MACHINE:X86 Debug\Camera.obj
         Debug\main.obj
         Debug\Shader.obj
         Project37_SuperBasicLightingTemplate.vcxproj -> C:\Users\3D-PROGR-PC-CL3VER\Documents\LearningOpenGL-GIT\OpenGL-Testing-Grounds\Project37_SuperBasicLightingTemplate\Debug\Project37_SuperBasicLightingTemplate.exe
     1>Done Building Project "C:\Users\3D-PROGR-PC-CL3VER\Documents\LearningOpenGL-GIT\OpenGL-Testing-Grounds\Project37_SuperBasicLightingTemplate\Project37_SuperBasicLightingTemplate.vcxproj" (Build target(s)).

Build succeeded.

Time Elapsed 00:00:01.03
